<?xml version="1.0" encoding="utf-8"?><testsuites><testsuite errors="0" failures="0" hostname="8277209586be" name="pytest" skipped="0" tests="7" time="0.936" timestamp="2024-11-10T20:37:21.398785"><testcase classname="test.rest.api_test.TestApi" name="test_api_add" time="0.015"></testcase><testcase classname="test.rest.api_test.TestApi" name="test_api_divide" time="0.004"></testcase><testcase classname="test.rest.api_test.TestApi" name="test_api_log10" time="0.005"></testcase><testcase classname="test.rest.api_test.TestApi" name="test_api_multiply" time="0.006"></testcase><testcase classname="test.rest.api_test.TestApi" name="test_api_power" time="0.005"></testcase><testcase classname="test.rest.api_test.TestApi" name="test_api_sqrt" time="0.004"></testcase><testcase classname="test.rest.api_test.TestApi" name="test_api_substract" time="0.006"></testcase></testsuite></testsuites>