<?xml version="1.0" encoding="UTF-8"?>
<testsuites name="Mocha Tests" time="7.949999999999999" tests="6" failures="0" skipped="1">
  <testsuite name="Root Suite" timestamp="2024-11-30T03:22:01" tests="0" file="cypress/integration/calc.spec.js" failures="0" time="0">
  </testsuite>
  <testsuite name="Calc" timestamp="2024-11-30T03:22:01" tests="6" failures="0" time="7.949999999999999">
    <testcase name="Calc get the title" time="1.512" classname="get the title">
    </testcase>
    <testcase name="Calc can type operands" time="1.325" classname="can type operands">
    </testcase>
    <testcase name="Calc can click add" time="2.769" classname="can click add">
    </testcase>
    <testcase name="Calc can click substract (using fixture)" time="1.465" classname="can click substract (using fixture)">
    </testcase>
    <testcase name="Calc increases the history log" time="0.879" classname="increases the history log">
    </testcase>
  </testsuite>
</testsuites>